<?xml version="1.0" encoding="UTF-8"?>
<!-- Generated by org.testng.reporters.JUnitXMLReporter -->
<testsuite ignored="2" hostname="DESKTOP-TLHL3NS" failures="0" tests="1" name="Default test" time="18.314" errors="0" timestamp="2024-04-23T19:24:35 SAST">
  <testcase classname="APITesting.APITest" name="APIcall" time="18.218"/>
  <testcase classname="APITesting.APITest" name="APICallPost" time="0.0">
    <ignored/>
  </testcase> <!-- APICallPost -->
  <testcase classname="APITesting.APITest" name="APICallPerRecord" time="0.0">
    <ignored/>
  </testcase> <!-- APICallPerRecord -->
</testsuite> <!-- Default test -->
