<?xml version="1.0" encoding="UTF-8"?>
<testng-results ignored="0" total="1" passed="1" failed="0" skipped="0">
  <reporter-output>
  </reporter-output>
  <suite started-at="2024-04-23T19:24:17 SAST" name="Default suite" finished-at="2024-04-23T19:24:35 SAST" duration-ms="18314">
    <groups>
    </groups>
    <test started-at="2024-04-23T19:24:17 SAST" name="Default test" finished-at="2024-04-23T19:24:35 SAST" duration-ms="18314">
      <class name="APITesting.APITest">
        <test-method signature="APIcall()[pri:0, instance:APITesting.APITest@38425407]" started-at="2024-04-23T19:24:17 SAST" name="APIcall" finished-at="2024-04-23T19:24:35 SAST" duration-ms="18218" status="PASS">
          <reporter-output>
          </reporter-output>
        </test-method> <!-- APIcall -->
      </class> <!-- APITesting.APITest -->
    </test> <!-- Default test -->
  </suite> <!-- Default suite -->
</testng-results>
